<?xml version="1.0" encoding="UTF-8"?>
<!-- Generated by org.testng.reporters.JUnitReportReporter -->
<testsuite hostname="DESKTOP-AGOQQT3" failures="0" tests="30" name="Origin.AFMC.Login" time="66.764" errors="0" timestamp="2024-04-18T13:08:00 IST" skipped="0">
  <testcase classname="Origin.AFMC.Login" name="launch" time="2.144"/>
  <system-out/>
  <testcase classname="Origin.AFMC.Login" name="launch" time="1.962"/>
  <system-out/>
  <testcase classname="Origin.AFMC.Login" name="launch" time="1.843"/>
  <system-out/>
  <testcase classname="Origin.AFMC.Login" name="launch" time="1.989"/>
  <system-out/>
  <testcase classname="Origin.AFMC.Login" name="launch" time="1.851"/>
  <system-out/>
  <testcase classname="Origin.AFMC.Login" name="launch" time="2.543"/>
  <system-out/>
  <testcase classname="Origin.AFMC.Login" name="launch" time="1.950"/>
  <system-out/>
  <testcase classname="Origin.AFMC.Login" name="launch" time="1.830"/>
  <system-out/>
  <testcase classname="Origin.AFMC.Login" name="launch" time="1.919"/>
  <system-out/>
  <testcase classname="Origin.AFMC.Login" name="launch" time="1.988"/>
  <system-out/>
  <testcase classname="Origin.AFMC.Login" name="launch" time="2.132"/>
  <system-out/>
  <testcase classname="Origin.AFMC.Login" name="launch" time="2.488"/>
  <system-out/>
  <testcase classname="Origin.AFMC.Login" name="launch" time="2.100"/>
  <system-out/>
  <testcase classname="Origin.AFMC.Login" name="launch" time="1.962"/>
  <system-out/>
  <testcase classname="Origin.AFMC.Login" name="launch" time="6.374"/>
  <system-out/>
  <testcase classname="Origin.AFMC.Login" name="launch" time="2.042"/>
  <system-out/>
  <testcase classname="Origin.AFMC.Login" name="launch" time="2.118"/>
  <system-out/>
  <testcase classname="Origin.AFMC.Login" name="launch" time="2.413"/>
  <system-out/>
  <testcase classname="Origin.AFMC.Login" name="launch" time="2.284"/>
  <system-out/>
  <testcase classname="Origin.AFMC.Login" name="launch" time="2.045"/>
  <system-out/>
  <testcase classname="Origin.AFMC.Login" name="launch" time="1.998"/>
  <system-out/>
  <testcase classname="Origin.AFMC.Login" name="launch" time="1.970"/>
  <system-out/>
  <testcase classname="Origin.AFMC.Login" name="launch" time="2.158"/>
  <system-out/>
  <testcase classname="Origin.AFMC.Login" name="launch" time="2.349"/>
  <system-out/>
  <testcase classname="Origin.AFMC.Login" name="launch" time="1.874"/>
  <system-out/>
  <testcase classname="Origin.AFMC.Login" name="launch" time="2.346"/>
  <system-out/>
  <testcase classname="Origin.AFMC.Login" name="launch" time="1.983"/>
  <system-out/>
  <testcase classname="Origin.AFMC.Login" name="launch" time="2.088"/>
  <system-out/>
  <testcase classname="Origin.AFMC.Login" name="launch" time="2.086"/>
  <system-out/>
  <testcase classname="Origin.AFMC.Login" name="launch" time="1.935"/>
  <system-out/>
</testsuite> <!-- Origin.AFMC.Login -->
